<?xml version="1.0" encoding="UTF-8"?>
<!-- Generated by org.testng.reporters.JUnitReportReporter -->
<testsuite skipped="0" hostname="IBM-Testing01" name="com.training.sanity.tests.MemberList" tests="1" failures="0" timestamp="12 Feb 2020 05:28:17 GMT" time="25.090" errors="0">
  <testcase name="validLoginTest" time="25.090" classname="com.training.sanity.tests.MemberList"/>
</testsuite> <!-- com.training.sanity.tests.MemberList -->
