<?xml version="1.0" encoding="UTF-8"?>
<!-- Generated by org.testng.reporters.JUnitReportReporter -->
<testsuite skipped="0" hostname="IBM-Testing01" name="com.training.sanity.tests.LoginTest" tests="5" failures="0" timestamp="12 Feb 2020 11:58:43 GMT" time="12.392" errors="0">
  <testcase name="validLoginTest" time="2.293" classname="com.training.sanity.tests.LoginTest"/>
  <testcase name="accountLink" time="1.111" classname="com.training.sanity.tests.LoginTest"/>
  <testcase name="memPayClick" time="1.361" classname="com.training.sanity.tests.LoginTest"/>
  <testcase name="memInput" time="5.866" classname="com.training.sanity.tests.LoginTest"/>
  <testcase name="finalSubmit" time="1.761" classname="com.training.sanity.tests.LoginTest"/>
</testsuite> <!-- com.training.sanity.tests.LoginTest -->
