<<<<<<< HEAD
<?xml version="1.0" encoding="UTF-8"?>
<!-- Generated by org.testng.reporters.JUnitReportReporter -->
<testsuite skipped="0" hostname="DESKTOP-4QCETN2" name="com.training.sanity.tests.LoginTests" tests="1" failures="0" timestamp="18 Dec 2018 11:13:08 GMT" time="14.879" errors="0">
  <testcase name="validLoginTest" time="14.879" classname="com.training.sanity.tests.LoginTests"/>
</testsuite> <!-- com.training.sanity.tests.LoginTests -->
=======
<?xml version="1.0" encoding="UTF-8"?>
<!-- Generated by org.testng.reporters.JUnitReportReporter -->
<testsuite skipped="0" hostname="IBM-Testing01" name="com.training.sanity.tests.LoginTests" tests="1" failures="0" timestamp="12 Feb 2020 04:56:59 GMT" time="16.869" errors="0">
  <testcase name="validLoginTest" time="16.869" classname="com.training.sanity.tests.LoginTests"/>
</testsuite> <!-- com.training.sanity.tests.LoginTests -->
>>>>>>> branch 'satya' of https://github.com/pavan1045/Cyclos.git
