<?xml version="1.0" encoding="UTF-8"?>
<!-- Generated by org.testng.reporters.JUnitReportReporter -->
<testsuite skipped="0" hostname="IBM-Testing01" name="com.training.sanity.tests.StatisticalTests" tests="1" failures="0" timestamp="14 Feb 2020 05:48:10 GMT" time="16.787" errors="0">
  <testcase name="validLoginTest" time="16.787" classname="com.training.sanity.tests.StatisticalTests"/>
</testsuite> <!-- com.training.sanity.tests.StatisticalTests -->
