<?xml version="1.0" encoding="UTF-8"?>
<!-- Generated by org.testng.reporters.JUnitReportReporter -->
<testsuite skipped="0" hostname="IBM-Testing01" name="com.training.sanity.tests.AdTest" tests="2" failures="0" timestamp="13 Feb 2020 04:46:45 GMT" time="29.953" errors="0">
  <testcase name="AdsvalidationTest" time="17.043" classname="com.training.sanity.tests.AdTest"/>
  <testcase name="memberLoginAds" time="12.910" classname="com.training.sanity.tests.AdTest"/>
</testsuite> <!-- com.training.sanity.tests.AdTest -->
