<?xml version="1.0" encoding="UTF-8"?>
<!-- Generated by org.testng.reporters.JUnitReportReporter -->
<testsuite skipped="0" hostname="IBM-Testing01" name="com.training.sanity.tests.TestMessages" tests="2" failures="0" timestamp="17 Feb 2020 03:02:52 GMT" time="42.921" errors="0">
  <testcase name="validLoginTest" time="18.797" classname="com.training.sanity.tests.TestMessages"/>
  <testcase name="validLoginTest" time="24.124" classname="com.training.sanity.tests.TestMessages"/>
</testsuite> <!-- com.training.sanity.tests.TestMessages -->
