<?xml version="1.0" encoding="UTF-8"?>
<!-- Generated by org.testng.reporters.JUnitReportReporter -->
<testsuite skipped="0" hostname="IBM-Testing01" name="com.training.sanity.tests.MediumTest" tests="4" failures="0" timestamp="13 Feb 2020 17:29:55 GMT" time="16.854" errors="0">
  <testcase name="validLoginTest" time="4.656" classname="com.training.sanity.tests.MediumTest"/>
  <testcase name="memberLogin" time="1.189" classname="com.training.sanity.tests.MediumTest"/>
  <testcase name="grant" time="7.370" classname="com.training.sanity.tests.MediumTest"/>
  <testcase name="memlogin" time="3.639" classname="com.training.sanity.tests.MediumTest"/>
</testsuite> <!-- com.training.sanity.tests.MediumTest -->
