<?xml version="1.0" encoding="UTF-8"?>
<!-- Generated by org.testng.reporters.JUnitReportReporter -->
<testsuite skipped="0" hostname="IBM-Testing01" name="com.training.sanity.tests.Test3" tests="5" failures="0" timestamp="17 Feb 2020 11:36:47 GMT" time="7.913" errors="0">
  <testcase name="login" time="1.377" classname="com.training.sanity.tests.Test3"/>
  <testcase name="validStep_3" time="1.655" classname="com.training.sanity.tests.Test3"/>
  <testcase name="validStep_3" time="1.710" classname="com.training.sanity.tests.Test3"/>
  <testcase name="validStep_3" time="1.552" classname="com.training.sanity.tests.Test3"/>
  <testcase name="validStep_3" time="1.619" classname="com.training.sanity.tests.Test3"/>
</testsuite> <!-- com.training.sanity.tests.Test3 -->
