<?xml version="1.0" encoding="UTF-8"?>
<!-- Generated by org.testng.reporters.JUnitReportReporter -->
<testsuite skipped="0" hostname="IBM-Testing01" name="com.training.sanity.tests.TestMess" tests="2" failures="0" timestamp="15 Feb 2020 11:21:26 GMT" time="11.549" errors="0">
  <testcase name="validLoginTest" time="2.339" classname="com.training.sanity.tests.TestMess"/>
  <testcase name="memInput" time="9.210" classname="com.training.sanity.tests.TestMess"/>
</testsuite> <!-- com.training.sanity.tests.TestMess -->
