<?xml version="1.0" encoding="UTF-8"?>
<!-- Generated by org.testng.reporters.JUnitReportReporter -->
<testsuite skipped="0" hostname="IBM-Testing01" name="com.training.sanity.tests.StatisticalTests" tests="1" failures="0" timestamp="12 Feb 2020 03:36:21 GMT" time="18.284" errors="0">
  <testcase name="validLoginTest" time="18.284" classname="com.training.sanity.tests.StatisticalTests"/>
</testsuite> <!-- com.training.sanity.tests.StatisticalTests -->
