<?xml version="1.0" encoding="UTF-8"?>
<!-- Generated by org.testng.reporters.JUnitReportReporter -->
<testsuite skipped="0" hostname="IBM-Testing01" name="com.training.sanity.tests.ComplexTest" tests="1" failures="0" timestamp="14 Feb 2020 06:55:41 GMT" time="22.652" errors="0">
  <testcase name="validLoginTest1" time="22.652" classname="com.training.sanity.tests.ComplexTest"/>
</testsuite> <!-- com.training.sanity.tests.ComplexTest -->
